Flow report for Fase4
Fri Apr 12 09:59:01 2019
Quartus Prime Version 17.1.0 Build 590 10/25/2017 SJ Lite Edition


---------------------
; Table of Contents ;
---------------------
  1. Legal Notice
  2. Flow Summary
  3. Flow Settings
  4. Flow Non-Default Global Settings
  5. Flow Elapsed Time
  6. Flow OS Summary
  7. Flow Log
  8. Flow Messages
  9. Flow Suppressed Messages



----------------
; Legal Notice ;
----------------
Copyright (C) 2017  Intel Corporation. All rights reserved.
Your use of Intel Corporation's design tools, logic functions 
and other software and tools, and its AMPP partner logic 
functions, and any output files from any of the foregoing 
(including device programming or simulation files), and any 
associated documentation or information are expressly subject 
to the terms and conditions of the Intel Program License 
Subscription Agreement, the Intel Quartus Prime License Agreement,
the Intel FPGA IP License Agreement, or other applicable license
agreement, including, without limitation, that your use is for
the sole purpose of programming logic devices manufactured by
Intel and sold by Intel or its authorized distributors.  Please
refer to the applicable agreement for further details.



+----------------------------------------------------------------------------------+
; Flow Summary                                                                     ;
+------------------------------------+---------------------------------------------+
; Flow Status                        ; Successful - Fri Apr 12 09:59:01 2019       ;
; Quartus Prime Version              ; 17.1.0 Build 590 10/25/2017 SJ Lite Edition ;
; Revision Name                      ; Fase4                                       ;
; Top-level Entity Name              ; Fase4                                       ;
; Family                             ; Cyclone IV E                                ;
; Device                             ; EP4CE115F29C7                               ;
; Timing Models                      ; Final                                       ;
; Total logic elements               ; 1,070 / 114,480 ( < 1 % )                   ;
;     Total combinational functions  ; 1,059 / 114,480 ( < 1 % )                   ;
;     Dedicated logic registers      ; 72 / 114,480 ( < 1 % )                      ;
; Total registers                    ; 72                                          ;
; Total pins                         ; 45 / 529 ( 9 % )                            ;
; Total virtual pins                 ; 0                                           ;
; Total memory bits                  ; 0 / 3,981,312 ( 0 % )                       ;
; Embedded Multiplier 9-bit elements ; 0 / 532 ( 0 % )                             ;
; Total PLLs                         ; 0 / 4 ( 0 % )                               ;
+------------------------------------+---------------------------------------------+


+-----------------------------------------+
; Flow Settings                           ;
+-------------------+---------------------+
; Option            ; Setting             ;
+-------------------+---------------------+
; Start date & time ; 04/11/2019 23:17:32 ;
; Main task         ; Compilation         ;
; Revision Name     ; Fase4               ;
+-------------------+---------------------+


+-----------------------------------------------------------------------------------------------------------------------------+
; Flow Non-Default Global Settings                                                                                            ;
+-------------------------------------+----------------------------------------+---------------+-------------+----------------+
; Assignment Name                     ; Value                                  ; Default Value ; Entity Name ; Section Id     ;
+-------------------------------------+----------------------------------------+---------------+-------------+----------------+
; COMPILER_SIGNATURE_ID               ; 123745742118125.155502105212192        ; --            ; --          ; --             ;
; EDA_OUTPUT_DATA_FORMAT              ; Vhdl                                   ; --            ; --          ; eda_simulation ;
; EDA_SIMULATION_TOOL                 ; ModelSim-Altera (VHDL)                 ; <None>        ; --          ; --             ;
; EDA_TIME_SCALE                      ; 1 ps                                   ; --            ; --          ; eda_simulation ;
; MAX_CORE_JUNCTION_TEMP              ; 85                                     ; --            ; --          ; --             ;
; MIN_CORE_JUNCTION_TEMP              ; 0                                      ; --            ; --          ; --             ;
; NOMINAL_CORE_SUPPLY_VOLTAGE         ; 1.2V                                   ; --            ; --          ; --             ;
; PARTITION_COLOR                     ; -- (Not supported for targeted family) ; --            ; --          ; Top            ;
; PARTITION_FITTER_PRESERVATION_LEVEL ; -- (Not supported for targeted family) ; --            ; --          ; Top            ;
; PARTITION_NETLIST_TYPE              ; -- (Not supported for targeted family) ; --            ; --          ; Top            ;
; PROJECT_OUTPUT_DIRECTORY            ; output_files                           ; --            ; --          ; --             ;
+-------------------------------------+----------------------------------------+---------------+-------------+----------------+


+-------------------------------------------------------------------------------------------------------------------------------+
; Flow Elapsed Time                                                                                                             ;
+---------------------------+--------------+-------------------------+---------------------+------------------------------------+
; Module Name               ; Elapsed Time ; Average Processors Used ; Peak Virtual Memory ; Total CPU Time (on all processors) ;
+---------------------------+--------------+-------------------------+---------------------+------------------------------------+
; Analysis & Synthesis      ; 00:00:15     ; 1.0                     ; 4824 MB             ; 00:00:32                           ;
; Fitter                    ; 00:00:18     ; 1.0                     ; 5446 MB             ; 00:00:26                           ;
; Assembler                 ; 00:00:04     ; 1.0                     ; 4700 MB             ; 00:00:04                           ;
; TimeQuest Timing Analyzer ; 00:00:02     ; 1.0                     ; 4836 MB             ; 00:00:02                           ;
; EDA Netlist Writer        ; 00:00:02     ; 1.0                     ; 4676 MB             ; 00:00:02                           ;
; EDA Netlist Writer        ; 00:00:01     ; 1.0                     ; 4657 MB             ; 00:00:01                           ;
; EDA Netlist Writer        ; 00:00:01     ; 1.0                     ; 4657 MB             ; 00:00:01                           ;
; EDA Netlist Writer        ; 00:00:01     ; 1.0                     ; 4666 MB             ; 00:00:01                           ;
; EDA Netlist Writer        ; 00:00:01     ; 1.0                     ; 4657 MB             ; 00:00:01                           ;
; EDA Netlist Writer        ; 00:00:02     ; 1.0                     ; 4682 MB             ; 00:00:02                           ;
; EDA Netlist Writer        ; 00:00:01     ; 1.0                     ; 4657 MB             ; 00:00:01                           ;
; EDA Netlist Writer        ; 00:00:01     ; 1.0                     ; 4666 MB             ; 00:00:01                           ;
; EDA Netlist Writer        ; 00:00:01     ; 1.0                     ; 4657 MB             ; 00:00:01                           ;
; EDA Netlist Writer        ; 00:00:01     ; 1.0                     ; 4666 MB             ; 00:00:01                           ;
; EDA Netlist Writer        ; 00:00:01     ; 1.0                     ; 4657 MB             ; 00:00:01                           ;
; EDA Netlist Writer        ; 00:00:01     ; 1.0                     ; 4657 MB             ; 00:00:01                           ;
; EDA Netlist Writer        ; 00:00:01     ; 1.0                     ; 4666 MB             ; 00:00:01                           ;
; EDA Netlist Writer        ; 00:00:01     ; 1.0                     ; 4657 MB             ; 00:00:01                           ;
; EDA Netlist Writer        ; 00:00:02     ; 1.0                     ; 4683 MB             ; 00:00:02                           ;
; EDA Netlist Writer        ; 00:00:01     ; 1.0                     ; 4657 MB             ; 00:00:01                           ;
; EDA Netlist Writer        ; 00:00:01     ; 1.0                     ; 4666 MB             ; 00:00:01                           ;
; EDA Netlist Writer        ; 00:00:01     ; 1.0                     ; 4657 MB             ; 00:00:01                           ;
; EDA Netlist Writer        ; 00:00:01     ; 1.0                     ; 4657 MB             ; 00:00:01                           ;
; EDA Netlist Writer        ; 00:00:02     ; 1.0                     ; 4682 MB             ; 00:00:02                           ;
; EDA Netlist Writer        ; 00:00:00     ; 1.0                     ; 4657 MB             ; 00:00:01                           ;
; EDA Netlist Writer        ; 00:00:00     ; 1.0                     ; 4657 MB             ; 00:00:01                           ;
; EDA Netlist Writer        ; 00:00:01     ; 1.0                     ; 4657 MB             ; 00:00:01                           ;
; EDA Netlist Writer        ; 00:00:02     ; 1.0                     ; 4683 MB             ; 00:00:02                           ;
; EDA Netlist Writer        ; 00:00:01     ; 1.0                     ; 4657 MB             ; 00:00:01                           ;
; EDA Netlist Writer        ; 00:00:01     ; 1.0                     ; 4669 MB             ; 00:00:01                           ;
; Total                     ; 00:01:08     ; --                      ; --                  ; 00:01:35                           ;
+---------------------------+--------------+-------------------------+---------------------+------------------------------------+


+-----------------------------------------------------------------------------------------+
; Flow OS Summary                                                                         ;
+---------------------------+------------------+------------+------------+----------------+
; Module Name               ; Machine Hostname ; OS Name    ; OS Version ; Processor type ;
+---------------------------+------------------+------------+------------+----------------+
; Analysis & Synthesis      ; DESKTOP-60CTQ05  ; Windows 10 ; 10.0       ; x86_64         ;
; Fitter                    ; DESKTOP-60CTQ05  ; Windows 10 ; 10.0       ; x86_64         ;
; Assembler                 ; DESKTOP-60CTQ05  ; Windows 10 ; 10.0       ; x86_64         ;
; TimeQuest Timing Analyzer ; DESKTOP-60CTQ05  ; Windows 10 ; 10.0       ; x86_64         ;
; EDA Netlist Writer        ; DESKTOP-60CTQ05  ; Windows 10 ; 10.0       ; x86_64         ;
; EDA Netlist Writer        ; LAPTOP-KBMAE0E9  ; Windows 10 ; 10.0       ; x86_64         ;
; EDA Netlist Writer        ; LAPTOP-KBMAE0E9  ; Windows 10 ; 10.0       ; x86_64         ;
; EDA Netlist Writer        ; LAPTOP-KBMAE0E9  ; Windows 10 ; 10.0       ; x86_64         ;
; EDA Netlist Writer        ; LAPTOP-KBMAE0E9  ; Windows 10 ; 10.0       ; x86_64         ;
; EDA Netlist Writer        ; LAPTOP-KBMAE0E9  ; Windows 10 ; 10.0       ; x86_64         ;
; EDA Netlist Writer        ; LAPTOP-KBMAE0E9  ; Windows 10 ; 10.0       ; x86_64         ;
; EDA Netlist Writer        ; LAPTOP-KBMAE0E9  ; Windows 10 ; 10.0       ; x86_64         ;
; EDA Netlist Writer        ; LAPTOP-KBMAE0E9  ; Windows 10 ; 10.0       ; x86_64         ;
; EDA Netlist Writer        ; LAPTOP-KBMAE0E9  ; Windows 10 ; 10.0       ; x86_64         ;
; EDA Netlist Writer        ; LAPTOP-KBMAE0E9  ; Windows 10 ; 10.0       ; x86_64         ;
; EDA Netlist Writer        ; LAPTOP-KBMAE0E9  ; Windows 10 ; 10.0       ; x86_64         ;
; EDA Netlist Writer        ; LAPTOP-KBMAE0E9  ; Windows 10 ; 10.0       ; x86_64         ;
; EDA Netlist Writer        ; LAPTOP-KBMAE0E9  ; Windows 10 ; 10.0       ; x86_64         ;
; EDA Netlist Writer        ; LAPTOP-KBMAE0E9  ; Windows 10 ; 10.0       ; x86_64         ;
; EDA Netlist Writer        ; LAPTOP-KBMAE0E9  ; Windows 10 ; 10.0       ; x86_64         ;
; EDA Netlist Writer        ; LAPTOP-KBMAE0E9  ; Windows 10 ; 10.0       ; x86_64         ;
; EDA Netlist Writer        ; LAPTOP-KBMAE0E9  ; Windows 10 ; 10.0       ; x86_64         ;
; EDA Netlist Writer        ; LAPTOP-KBMAE0E9  ; Windows 10 ; 10.0       ; x86_64         ;
; EDA Netlist Writer        ; LAPTOP-KBMAE0E9  ; Windows 10 ; 10.0       ; x86_64         ;
; EDA Netlist Writer        ; LAPTOP-KBMAE0E9  ; Windows 10 ; 10.0       ; x86_64         ;
; EDA Netlist Writer        ; LAPTOP-KBMAE0E9  ; Windows 10 ; 10.0       ; x86_64         ;
; EDA Netlist Writer        ; LAPTOP-KBMAE0E9  ; Windows 10 ; 10.0       ; x86_64         ;
; EDA Netlist Writer        ; LAPTOP-KBMAE0E9  ; Windows 10 ; 10.0       ; x86_64         ;
; EDA Netlist Writer        ; LAPTOP-KBMAE0E9  ; Windows 10 ; 10.0       ; x86_64         ;
; EDA Netlist Writer        ; LAPTOP-KBMAE0E9  ; Windows 10 ; 10.0       ; x86_64         ;
+---------------------------+------------------+------------+------------+----------------+


------------
; Flow Log ;
------------
quartus_map --read_settings_files=on --write_settings_files=off Fase4 -c Fase4
quartus_fit --read_settings_files=off --write_settings_files=off Fase4 -c Fase4
quartus_asm --read_settings_files=off --write_settings_files=off Fase4 -c Fase4
quartus_sta Fase4 -c Fase4
quartus_eda --read_settings_files=off --write_settings_files=off Fase4 -c Fase4
quartus_eda --gen_testbench --tool=modelsim_oem --format=vhdl --write_settings_files=off Fase4 -c Fase4 --vector_source=C:/Users/anton/Desktop/LSD/MiniProjeto/Fase4/Waveform.vwf --testbench_file=C:/Users/anton/Desktop/LSD/MiniProjeto/Fase4/simulation/qsim/Waveform.vwf.vht
quartus_eda --gen_testbench --tool=modelsim_oem --format=verilog --write_settings_files=off Fase4 -c Fase4 --vector_source=C:/Users/anton/Desktop/LSD/MiniProjeto/Fase4/WfFase4.vwf --testbench_file=C:/Users/anton/Desktop/LSD/MiniProjeto/Fase4/simulation/qsim/WfFase4.vwf.vt
quartus_eda --write_settings_files=off --simulation=on --functional=on --flatten_buses=off --tool=modelsim_oem --format=verilog --output_directory=C:/Users/anton/Desktop/LSD/MiniProjeto/Fase4/simulation/qsim/ Fase4 -c Fase4
quartus_eda --gen_testbench --tool=modelsim_oem --format=verilog --write_settings_files=off Fase4 -c Fase4 --vector_source=C:/Users/anton/Desktop/LSD/MiniProjeto/Fase4/WfFase4.vwf --testbench_file=C:/Users/anton/Desktop/LSD/MiniProjeto/Fase4/simulation/qsim/WfFase4.vwf.vt
quartus_eda --write_settings_files=off --simulation=on --functional=off --flatten_buses=off --timescale=1ps --tool=modelsim_oem --format=verilog --output_directory=C:/Users/anton/Desktop/LSD/MiniProjeto/Fase4/simulation/qsim/ Fase4 -c Fase4
quartus_eda --gen_testbench --tool=modelsim_oem --format=verilog --write_settings_files=off Fase4 -c Fase4 --vector_source=C:/Users/anton/Desktop/LSD/MiniProjeto/Fase4/WfFase4.vwf --testbench_file=C:/Users/anton/Desktop/LSD/MiniProjeto/Fase4/simulation/qsim/WfFase4.vwf.vt
quartus_eda --write_settings_files=off --simulation=on --functional=on --flatten_buses=off --tool=modelsim_oem --format=verilog --output_directory=C:/Users/anton/Desktop/LSD/MiniProjeto/Fase4/simulation/qsim/ Fase4 -c Fase4
quartus_eda --gen_testbench --tool=modelsim_oem --format=verilog --write_settings_files=off Fase4 -c Fase4 --vector_source=C:/Users/anton/Desktop/LSD/MiniProjeto/Fase4/WfFase4.vwf --testbench_file=C:/Users/anton/Desktop/LSD/MiniProjeto/Fase4/simulation/qsim/WfFase4.vwf.vt
quartus_eda --write_settings_files=off --simulation=on --functional=on --flatten_buses=off --tool=modelsim_oem --format=verilog --output_directory=C:/Users/anton/Desktop/LSD/MiniProjeto/Fase4/simulation/qsim/ Fase4 -c Fase4
quartus_eda --gen_testbench --tool=modelsim_oem --format=verilog --write_settings_files=off Fase4 -c Fase4 --vector_source=C:/Users/anton/Desktop/LSD/MiniProjeto/Fase4/WfFase4.vwf --testbench_file=C:/Users/anton/Desktop/LSD/MiniProjeto/Fase4/simulation/qsim/WfFase4.vwf.vt
quartus_eda --gen_testbench --tool=modelsim_oem --format=vhdl --write_settings_files=off Fase4 -c Fase4 --vector_source=C:/Users/anton/Desktop/LSD/MiniProjeto/Fase4/WfFase4.vwf --testbench_file=C:/Users/anton/Desktop/LSD/MiniProjeto/Fase4/simulation/qsim/WfFase4.vwf.vht
quartus_eda --write_settings_files=off --simulation=on --functional=on --flatten_buses=off --tool=modelsim_oem --format=vhdl --output_directory=C:/Users/anton/Desktop/LSD/MiniProjeto/Fase4/simulation/qsim/ Fase4 -c Fase4
quartus_eda --gen_testbench --tool=modelsim_oem --format=vhdl --write_settings_files=off Fase4 -c Fase4 --vector_source=C:/Users/anton/Desktop/LSD/MiniProjeto/Fase4/WfFase4.vwf --testbench_file=C:/Users/anton/Desktop/LSD/MiniProjeto/Fase4/simulation/qsim/WfFase4.vwf.vht
quartus_eda --write_settings_files=off --simulation=on --functional=off --flatten_buses=off --timescale=1ps --tool=modelsim_oem --format=vhdl --output_directory=C:/Users/anton/Desktop/LSD/MiniProjeto/Fase4/simulation/qsim/ Fase4 -c Fase4
quartus_eda --gen_testbench --tool=modelsim_oem --format=vhdl --write_settings_files=off Fase4 -c Fase4 --vector_source=C:/Users/anton/Desktop/LSD/MiniProjeto/Fase4/WfFase4.vwf --testbench_file=C:/Users/anton/Desktop/LSD/MiniProjeto/Fase4/simulation/qsim/WfFase4.vwf.vht
quartus_eda --write_settings_files=off --simulation=on --functional=on --flatten_buses=off --tool=modelsim_oem --format=vhdl --output_directory=C:/Users/anton/Desktop/LSD/MiniProjeto/Fase4/simulation/qsim/ Fase4 -c Fase4
quartus_eda --gen_testbench --tool=modelsim_oem --format=vhdl --write_settings_files=off Fase4 -c Fase4 --vector_source=C:/Users/anton/Desktop/LSD/MiniProjeto/Fase4/WfFase4.vwf --testbench_file=C:/Users/anton/Desktop/LSD/MiniProjeto/Fase4/simulation/modelsim/WfFase4.vwf.vht
quartus_eda --gen_testbench --tool=modelsim_oem --format=vhdl --write_settings_files=off Fase4 -c Fase4 --vector_source=C:/Users/anton/Desktop/LSD/MiniProjeto/Fase4/WfFase4.vwf --testbench_file=C:/Users/anton/Desktop/LSD/MiniProjeto/Fase4/simulation/qsim/WfFase4.vwf.vht
quartus_eda --write_settings_files=off --simulation=on --functional=off --flatten_buses=off --timescale=1ps --tool=modelsim_oem --format=vhdl --output_directory=C:/Users/anton/Desktop/LSD/MiniProjeto/Fase4/simulation/qsim/ Fase4 -c Fase4
quartus_eda --gen_testbench --tool=modelsim_oem --format=vhdl --write_settings_files=off Fase4 -c Fase4 --vector_source=C:/Users/anton/Desktop/LSD/MiniProjeto/Fase4/Waveform.vwf --testbench_file=C:/Users/anton/Desktop/LSD/MiniProjeto/Fase4/simulation/qsim/Waveform.vwf.vht
quartus_eda --gen_testbench --tool=modelsim_oem --format=vhdl --write_settings_files=off Fase4 -c Fase4 --vector_source=C:/Users/anton/Desktop/LSD/MiniProjeto/Fase4/Waveform.vwf --testbench_file=C:/Users/anton/Desktop/LSD/MiniProjeto/Fase4/simulation/qsim/Waveform.vwf.vht
quartus_eda --gen_testbench --tool=modelsim_oem --format=verilog --write_settings_files=off Fase4 -c Fase4 --vector_source=C:/Users/anton/Desktop/LSD/MiniProjeto/Fase4/WfFase4.vwf --testbench_file=C:/Users/anton/Desktop/LSD/MiniProjeto/Fase4/simulation/qsim/WfFase4.vwf.vt
quartus_eda --write_settings_files=off --simulation=on --functional=off --flatten_buses=off --timescale=1ps --tool=modelsim_oem --format=verilog --output_directory=C:/Users/anton/Desktop/LSD/MiniProjeto/Fase4/simulation/qsim/ Fase4 -c Fase4
quartus_eda --gen_testbench --tool=modelsim_oem --format=verilog --write_settings_files=off Fase4 -c Fase4 --vector_source=C:/Users/anton/Desktop/LSD/MiniProjeto/Fase4/WfFase4.vwf --testbench_file=C:/Users/anton/Desktop/LSD/MiniProjeto/Fase4/simulation/qsim/WfFase4.vwf.vt
quartus_eda --write_settings_files=off --simulation=on --functional=on --flatten_buses=off --tool=modelsim_oem --format=verilog --output_directory=C:/Users/anton/Desktop/LSD/MiniProjeto/Fase4/simulation/qsim/ Fase4 -c Fase4



