Analysis & Synthesis report for Fase1
Thu Apr 11 21:42:40 2019
Quartus Prime Version 17.1.0 Build 590 10/25/2017 SJ Lite Edition


---------------------
; Table of Contents ;
---------------------
  1. Legal Notice
  2. Analysis & Synthesis Summary
  3. Analysis & Synthesis Settings
  4. Parallel Compilation
  5. Analysis & Synthesis Source Files Read
  6. Analysis & Synthesis Resource Usage Summary
  7. Analysis & Synthesis Resource Utilization by Entity
  8. User-Specified and Inferred Latches
  9. General Register Statistics
 10. Inverted Register Statistics
 11. Multiplexer Restructuring Statistics (Restructuring Performed)
 12. Parameter Settings for User Entity Instance: freqDivN:inst
 13. Parameter Settings for User Entity Instance: DebounceUnit:inst3
 14. Parameter Settings for User Entity Instance: DebounceUnit:inst13
 15. Parameter Settings for Inferred Entity Instance: Bin2BCD:inst1|lpm_divide:Mod2
 16. Parameter Settings for Inferred Entity Instance: Bin2BCD:inst1|lpm_divide:Div2
 17. Parameter Settings for Inferred Entity Instance: Bin2BCD:inst1|lpm_divide:Mod1
 18. Parameter Settings for Inferred Entity Instance: Bin2BCD:inst1|lpm_divide:Div1
 19. Parameter Settings for Inferred Entity Instance: Bin2BCD:inst1|lpm_divide:Mod0
 20. Parameter Settings for Inferred Entity Instance: Bin2BCD:inst1|lpm_divide:Div0
 21. Post-Synthesis Netlist Statistics for Top Partition
 22. Elapsed Time Per Partition
 23. Analysis & Synthesis Messages



----------------
; Legal Notice ;
----------------
Copyright (C) 2017  Intel Corporation. All rights reserved.
Your use of Intel Corporation's design tools, logic functions 
and other software and tools, and its AMPP partner logic 
functions, and any output files from any of the foregoing 
(including device programming or simulation files), and any 
associated documentation or information are expressly subject 
to the terms and conditions of the Intel Program License 
Subscription Agreement, the Intel Quartus Prime License Agreement,
the Intel FPGA IP License Agreement, or other applicable license
agreement, including, without limitation, that your use is for
the sole purpose of programming logic devices manufactured by
Intel and sold by Intel or its authorized distributors.  Please
refer to the applicable agreement for further details.



+----------------------------------------------------------------------------------+
; Analysis & Synthesis Summary                                                     ;
+------------------------------------+---------------------------------------------+
; Analysis & Synthesis Status        ; Successful - Thu Apr 11 21:42:40 2019       ;
; Quartus Prime Version              ; 17.1.0 Build 590 10/25/2017 SJ Lite Edition ;
; Revision Name                      ; Fase1                                       ;
; Top-level Entity Name              ; Fase1                                       ;
; Family                             ; Cyclone IV E                                ;
; Total logic elements               ; 1,044                                       ;
;     Total combinational functions  ; 1,042                                       ;
;     Dedicated logic registers      ; 45                                          ;
; Total registers                    ; 45                                          ;
; Total pins                         ; 32                                          ;
; Total virtual pins                 ; 0                                           ;
; Total memory bits                  ; 0                                           ;
; Embedded Multiplier 9-bit elements ; 0                                           ;
; Total PLLs                         ; 0                                           ;
+------------------------------------+---------------------------------------------+


+----------------------------------------------------------------------------------------------------------------------+
; Analysis & Synthesis Settings                                                                                        ;
+----------------------------------------------------------------------------+--------------------+--------------------+
; Option                                                                     ; Setting            ; Default Value      ;
+----------------------------------------------------------------------------+--------------------+--------------------+
; Device                                                                     ; EP4CE115F29C7      ;                    ;
; Top-level entity name                                                      ; Fase1              ; Fase1              ;
; Family name                                                                ; Cyclone IV E       ; Cyclone V          ;
; Use smart compilation                                                      ; Off                ; Off                ;
; Enable parallel Assembler and TimeQuest Timing Analyzer during compilation ; On                 ; On                 ;
; Enable compact report table                                                ; Off                ; Off                ;
; Restructure Multiplexers                                                   ; Auto               ; Auto               ;
; Create Debugging Nodes for IP Cores                                        ; Off                ; Off                ;
; Preserve fewer node names                                                  ; On                 ; On                 ;
; Intel FPGA IP Evaluation Mode                                              ; Enable             ; Enable             ;
; Verilog Version                                                            ; Verilog_2001       ; Verilog_2001       ;
; VHDL Version                                                               ; VHDL_1993          ; VHDL_1993          ;
; State Machine Processing                                                   ; Auto               ; Auto               ;
; Safe State Machine                                                         ; Off                ; Off                ;
; Extract Verilog State Machines                                             ; On                 ; On                 ;
; Extract VHDL State Machines                                                ; On                 ; On                 ;
; Ignore Verilog initial constructs                                          ; Off                ; Off                ;
; Iteration limit for constant Verilog loops                                 ; 5000               ; 5000               ;
; Iteration limit for non-constant Verilog loops                             ; 250                ; 250                ;
; Add Pass-Through Logic to Inferred RAMs                                    ; On                 ; On                 ;
; Infer RAMs from Raw Logic                                                  ; On                 ; On                 ;
; Parallel Synthesis                                                         ; On                 ; On                 ;
; DSP Block Balancing                                                        ; Auto               ; Auto               ;
; NOT Gate Push-Back                                                         ; On                 ; On                 ;
; Power-Up Don't Care                                                        ; On                 ; On                 ;
; Remove Redundant Logic Cells                                               ; Off                ; Off                ;
; Remove Duplicate Registers                                                 ; On                 ; On                 ;
; Ignore CARRY Buffers                                                       ; Off                ; Off                ;
; Ignore CASCADE Buffers                                                     ; Off                ; Off                ;
; Ignore GLOBAL Buffers                                                      ; Off                ; Off                ;
; Ignore ROW GLOBAL Buffers                                                  ; Off                ; Off                ;
; Ignore LCELL Buffers                                                       ; Off                ; Off                ;
; Ignore SOFT Buffers                                                        ; On                 ; On                 ;
; Limit AHDL Integers to 32 Bits                                             ; Off                ; Off                ;
; Optimization Technique                                                     ; Balanced           ; Balanced           ;
; Carry Chain Length                                                         ; 70                 ; 70                 ;
; Auto Carry Chains                                                          ; On                 ; On                 ;
; Auto Open-Drain Pins                                                       ; On                 ; On                 ;
; Perform WYSIWYG Primitive Resynthesis                                      ; Off                ; Off                ;
; Auto ROM Replacement                                                       ; On                 ; On                 ;
; Auto RAM Replacement                                                       ; On                 ; On                 ;
; Auto DSP Block Replacement                                                 ; On                 ; On                 ;
; Auto Shift Register Replacement                                            ; Auto               ; Auto               ;
; Allow Shift Register Merging across Hierarchies                            ; Auto               ; Auto               ;
; Auto Clock Enable Replacement                                              ; On                 ; On                 ;
; Strict RAM Replacement                                                     ; Off                ; Off                ;
; Allow Synchronous Control Signals                                          ; On                 ; On                 ;
; Force Use of Synchronous Clear Signals                                     ; Off                ; Off                ;
; Auto RAM Block Balancing                                                   ; On                 ; On                 ;
; Auto RAM to Logic Cell Conversion                                          ; Off                ; Off                ;
; Auto Resource Sharing                                                      ; Off                ; Off                ;
; Allow Any RAM Size For Recognition                                         ; Off                ; Off                ;
; Allow Any ROM Size For Recognition                                         ; Off                ; Off                ;
; Allow Any Shift Register Size For Recognition                              ; Off                ; Off                ;
; Use LogicLock Constraints during Resource Balancing                        ; On                 ; On                 ;
; Ignore translate_off and synthesis_off directives                          ; Off                ; Off                ;
; Timing-Driven Synthesis                                                    ; On                 ; On                 ;
; Report Parameter Settings                                                  ; On                 ; On                 ;
; Report Source Assignments                                                  ; On                 ; On                 ;
; Report Connectivity Checks                                                 ; On                 ; On                 ;
; Ignore Maximum Fan-Out Assignments                                         ; Off                ; Off                ;
; Synchronization Register Chain Length                                      ; 2                  ; 2                  ;
; Power Optimization During Synthesis                                        ; Normal compilation ; Normal compilation ;
; HDL message level                                                          ; Level2             ; Level2             ;
; Suppress Register Optimization Related Messages                            ; Off                ; Off                ;
; Number of Removed Registers Reported in Synthesis Report                   ; 5000               ; 5000               ;
; Number of Swept Nodes Reported in Synthesis Report                         ; 5000               ; 5000               ;
; Number of Inverted Registers Reported in Synthesis Report                  ; 100                ; 100                ;
; Clock MUX Protection                                                       ; On                 ; On                 ;
; Auto Gated Clock Conversion                                                ; Off                ; Off                ;
; Block Design Naming                                                        ; Auto               ; Auto               ;
; SDC constraint protection                                                  ; Off                ; Off                ;
; Synthesis Effort                                                           ; Auto               ; Auto               ;
; Shift Register Replacement - Allow Asynchronous Clear Signal               ; On                 ; On                 ;
; Pre-Mapping Resynthesis Optimization                                       ; Off                ; Off                ;
; Analysis & Synthesis Message Level                                         ; Medium             ; Medium             ;
; Disable Register Merging Across Hierarchies                                ; Auto               ; Auto               ;
; Resource Aware Inference For Block RAM                                     ; On                 ; On                 ;
+----------------------------------------------------------------------------+--------------------+--------------------+


+------------------------------------------+
; Parallel Compilation                     ;
+----------------------------+-------------+
; Processors                 ; Number      ;
+----------------------------+-------------+
; Number detected on machine ; 4           ;
; Maximum allowed            ; 2           ;
;                            ;             ;
; Average used               ; 1.00        ;
; Maximum used               ; 2           ;
;                            ;             ;
; Usage by Processor         ; % Time Used ;
;     Processor 1            ; 100.0%      ;
;     Processor 2            ;   0.0%      ;
+----------------------------+-------------+


+------------------------------------------------------------------------------------------------------------------------------------------------------------------------------+
; Analysis & Synthesis Source Files Read                                                                                                                                       ;
+----------------------------------+-----------------+------------------------------------+--------------------------------------------------------------------------+---------+
; File Name with User-Entered Path ; Used in Netlist ; File Type                          ; File Name with Absolute Path                                             ; Library ;
+----------------------------------+-----------------+------------------------------------+--------------------------------------------------------------------------+---------+
; Bin2BCD.vhd                      ; yes             ; User VHDL File                     ; D:/Documents/MIECT/Ano1/LSD/MiniProjeto/Fase1/Bin2BCD.vhd                ;         ;
; Bin7SegDecoder.vhd               ; yes             ; User VHDL File                     ; D:/Documents/MIECT/Ano1/LSD/MiniProjeto/Fase1/Bin7SegDecoder.vhd         ;         ;
; freqDivN.vhd                     ; yes             ; User VHDL File                     ; D:/Documents/MIECT/Ano1/LSD/MiniProjeto/Fase1/freqDivN.vhd               ;         ;
; DebounceUnit.vhd                 ; yes             ; User VHDL File                     ; D:/Documents/MIECT/Ano1/LSD/MiniProjeto/Fase1/DebounceUnit.vhd           ;         ;
; Counter.vhd                      ; yes             ; User VHDL File                     ; D:/Documents/MIECT/Ano1/LSD/MiniProjeto/Fase1/Counter.vhd                ;         ;
; Fase1.bdf                        ; yes             ; User Block Diagram/Schematic File  ; D:/Documents/MIECT/Ano1/LSD/MiniProjeto/Fase1/Fase1.bdf                  ;         ;
; lpm_divide.tdf                   ; yes             ; Megafunction                       ; e:/quartus/quartus/libraries/megafunctions/lpm_divide.tdf                ;         ;
; abs_divider.inc                  ; yes             ; Megafunction                       ; e:/quartus/quartus/libraries/megafunctions/abs_divider.inc               ;         ;
; sign_div_unsign.inc              ; yes             ; Megafunction                       ; e:/quartus/quartus/libraries/megafunctions/sign_div_unsign.inc           ;         ;
; aglobal171.inc                   ; yes             ; Megafunction                       ; e:/quartus/quartus/libraries/megafunctions/aglobal171.inc                ;         ;
; db/lpm_divide_icm.tdf            ; yes             ; Auto-Generated Megafunction        ; D:/Documents/MIECT/Ano1/LSD/MiniProjeto/Fase1/db/lpm_divide_icm.tdf      ;         ;
; db/sign_div_unsign_7nh.tdf       ; yes             ; Auto-Generated Megafunction        ; D:/Documents/MIECT/Ano1/LSD/MiniProjeto/Fase1/db/sign_div_unsign_7nh.tdf ;         ;
; db/alt_u_div_2af.tdf             ; yes             ; Auto-Generated Megafunction        ; D:/Documents/MIECT/Ano1/LSD/MiniProjeto/Fase1/db/alt_u_div_2af.tdf       ;         ;
; db/add_sub_7pc.tdf               ; yes             ; Auto-Generated Megafunction        ; D:/Documents/MIECT/Ano1/LSD/MiniProjeto/Fase1/db/add_sub_7pc.tdf         ;         ;
; db/add_sub_8pc.tdf               ; yes             ; Auto-Generated Megafunction        ; D:/Documents/MIECT/Ano1/LSD/MiniProjeto/Fase1/db/add_sub_8pc.tdf         ;         ;
; db/lpm_divide_vim.tdf            ; yes             ; Auto-Generated Megafunction        ; D:/Documents/MIECT/Ano1/LSD/MiniProjeto/Fase1/db/lpm_divide_vim.tdf      ;         ;
; db/sign_div_unsign_nlh.tdf       ; yes             ; Auto-Generated Megafunction        ; D:/Documents/MIECT/Ano1/LSD/MiniProjeto/Fase1/db/sign_div_unsign_nlh.tdf ;         ;
; db/alt_u_div_27f.tdf             ; yes             ; Auto-Generated Megafunction        ; D:/Documents/MIECT/Ano1/LSD/MiniProjeto/Fase1/db/alt_u_div_27f.tdf       ;         ;
; db/lpm_divide_2jm.tdf            ; yes             ; Auto-Generated Megafunction        ; D:/Documents/MIECT/Ano1/LSD/MiniProjeto/Fase1/db/lpm_divide_2jm.tdf      ;         ;
; db/sign_div_unsign_qlh.tdf       ; yes             ; Auto-Generated Megafunction        ; D:/Documents/MIECT/Ano1/LSD/MiniProjeto/Fase1/db/sign_div_unsign_qlh.tdf ;         ;
; db/alt_u_div_87f.tdf             ; yes             ; Auto-Generated Megafunction        ; D:/Documents/MIECT/Ano1/LSD/MiniProjeto/Fase1/db/alt_u_div_87f.tdf       ;         ;
; db/lpm_divide_ckm.tdf            ; yes             ; Auto-Generated Megafunction        ; D:/Documents/MIECT/Ano1/LSD/MiniProjeto/Fase1/db/lpm_divide_ckm.tdf      ;         ;
; db/sign_div_unsign_4nh.tdf       ; yes             ; Auto-Generated Megafunction        ; D:/Documents/MIECT/Ano1/LSD/MiniProjeto/Fase1/db/sign_div_unsign_4nh.tdf ;         ;
; db/alt_u_div_s9f.tdf             ; yes             ; Auto-Generated Megafunction        ; D:/Documents/MIECT/Ano1/LSD/MiniProjeto/Fase1/db/alt_u_div_s9f.tdf       ;         ;
+----------------------------------+-----------------+------------------------------------+--------------------------------------------------------------------------+---------+


+-----------------------------------------------------------------------------------------------------------------------------------------------------------------------------------------+
; Analysis & Synthesis Resource Usage Summary                                                                                                                                             ;
+---------------------------------------------+-------------------------------------------------------------------------------------------------------------------------------------------+
; Resource                                    ; Usage                                                                                                                                     ;
+---------------------------------------------+-------------------------------------------------------------------------------------------------------------------------------------------+
; Estimated Total logic elements              ; 1,044                                                                                                                                     ;
;                                             ;                                                                                                                                           ;
; Total combinational functions               ; 1042                                                                                                                                      ;
; Logic element usage by number of LUT inputs ;                                                                                                                                           ;
;     -- 4 input functions                    ; 249                                                                                                                                       ;
;     -- 3 input functions                    ; 296                                                                                                                                       ;
;     -- <=2 input functions                  ; 497                                                                                                                                       ;
;                                             ;                                                                                                                                           ;
; Logic elements by mode                      ;                                                                                                                                           ;
;     -- normal mode                          ; 721                                                                                                                                       ;
;     -- arithmetic mode                      ; 321                                                                                                                                       ;
;                                             ;                                                                                                                                           ;
; Total registers                             ; 45                                                                                                                                        ;
;     -- Dedicated logic registers            ; 45                                                                                                                                        ;
;     -- I/O registers                        ; 0                                                                                                                                         ;
;                                             ;                                                                                                                                           ;
; I/O pins                                    ; 32                                                                                                                                        ;
;                                             ;                                                                                                                                           ;
; Embedded Multiplier 9-bit elements          ; 0                                                                                                                                         ;
;                                             ;                                                                                                                                           ;
; Maximum fan-out node                        ; Bin2BCD:inst1|lpm_divide:Div0|lpm_divide_ckm:auto_generated|sign_div_unsign_4nh:divider|alt_u_div_s9f:divider|add_sub_9_result_int[10]~14 ;
; Maximum fan-out                             ; 40                                                                                                                                        ;
; Total fan-out                               ; 2955                                                                                                                                      ;
; Average fan-out                             ; 2.57                                                                                                                                      ;
+---------------------------------------------+-------------------------------------------------------------------------------------------------------------------------------------------+


+----------------------------------------------------------------------------------------------------------------------------------------------------------------------------------------------------------------------------------------------------------------------------------------------------------------------------------+
; Analysis & Synthesis Resource Utilization by Entity                                                                                                                                                                                                                                                                              ;
+-------------------------------------------+---------------------+---------------------------+-------------+--------------+---------+-----------+------+--------------+----------------------------------------------------------------------------------------------------------------------+---------------------+--------------+
; Compilation Hierarchy Node                ; Combinational ALUTs ; Dedicated Logic Registers ; Memory Bits ; DSP Elements ; DSP 9x9 ; DSP 18x18 ; Pins ; Virtual Pins ; Full Hierarchy Name                                                                                                  ; Entity Name         ; Library Name ;
+-------------------------------------------+---------------------+---------------------------+-------------+--------------+---------+-----------+------+--------------+----------------------------------------------------------------------------------------------------------------------+---------------------+--------------+
; |Fase1                                    ; 1042 (0)            ; 45 (0)                    ; 0           ; 0            ; 0       ; 0         ; 32   ; 0            ; |Fase1                                                                                                               ; Fase1               ; work         ;
;    |Bin2BCD:inst1|                        ; 884 (0)             ; 0 (0)                     ; 0           ; 0            ; 0       ; 0         ; 0    ; 0            ; |Fase1|Bin2BCD:inst1                                                                                                 ; Bin2BCD             ; work         ;
;       |lpm_divide:Div0|                   ; 92 (0)              ; 0 (0)                     ; 0           ; 0            ; 0       ; 0         ; 0    ; 0            ; |Fase1|Bin2BCD:inst1|lpm_divide:Div0                                                                                 ; lpm_divide          ; work         ;
;          |lpm_divide_ckm:auto_generated|  ; 92 (0)              ; 0 (0)                     ; 0           ; 0            ; 0       ; 0         ; 0    ; 0            ; |Fase1|Bin2BCD:inst1|lpm_divide:Div0|lpm_divide_ckm:auto_generated                                                   ; lpm_divide_ckm      ; work         ;
;             |sign_div_unsign_4nh:divider| ; 92 (0)              ; 0 (0)                     ; 0           ; 0            ; 0       ; 0         ; 0    ; 0            ; |Fase1|Bin2BCD:inst1|lpm_divide:Div0|lpm_divide_ckm:auto_generated|sign_div_unsign_4nh:divider                       ; sign_div_unsign_4nh ; work         ;
;                |alt_u_div_s9f:divider|    ; 92 (92)             ; 0 (0)                     ; 0           ; 0            ; 0       ; 0         ; 0    ; 0            ; |Fase1|Bin2BCD:inst1|lpm_divide:Div0|lpm_divide_ckm:auto_generated|sign_div_unsign_4nh:divider|alt_u_div_s9f:divider ; alt_u_div_s9f       ; work         ;
;       |lpm_divide:Div1|                   ; 135 (0)             ; 0 (0)                     ; 0           ; 0            ; 0       ; 0         ; 0    ; 0            ; |Fase1|Bin2BCD:inst1|lpm_divide:Div1                                                                                 ; lpm_divide          ; work         ;
;          |lpm_divide_2jm:auto_generated|  ; 135 (0)             ; 0 (0)                     ; 0           ; 0            ; 0       ; 0         ; 0    ; 0            ; |Fase1|Bin2BCD:inst1|lpm_divide:Div1|lpm_divide_2jm:auto_generated                                                   ; lpm_divide_2jm      ; work         ;
;             |sign_div_unsign_qlh:divider| ; 135 (0)             ; 0 (0)                     ; 0           ; 0            ; 0       ; 0         ; 0    ; 0            ; |Fase1|Bin2BCD:inst1|lpm_divide:Div1|lpm_divide_2jm:auto_generated|sign_div_unsign_qlh:divider                       ; sign_div_unsign_qlh ; work         ;
;                |alt_u_div_87f:divider|    ; 135 (135)           ; 0 (0)                     ; 0           ; 0            ; 0       ; 0         ; 0    ; 0            ; |Fase1|Bin2BCD:inst1|lpm_divide:Div1|lpm_divide_2jm:auto_generated|sign_div_unsign_qlh:divider|alt_u_div_87f:divider ; alt_u_div_87f       ; work         ;
;       |lpm_divide:Div2|                   ; 121 (0)             ; 0 (0)                     ; 0           ; 0            ; 0       ; 0         ; 0    ; 0            ; |Fase1|Bin2BCD:inst1|lpm_divide:Div2                                                                                 ; lpm_divide          ; work         ;
;          |lpm_divide_vim:auto_generated|  ; 121 (0)             ; 0 (0)                     ; 0           ; 0            ; 0       ; 0         ; 0    ; 0            ; |Fase1|Bin2BCD:inst1|lpm_divide:Div2|lpm_divide_vim:auto_generated                                                   ; lpm_divide_vim      ; work         ;
;             |sign_div_unsign_nlh:divider| ; 121 (0)             ; 0 (0)                     ; 0           ; 0            ; 0       ; 0         ; 0    ; 0            ; |Fase1|Bin2BCD:inst1|lpm_divide:Div2|lpm_divide_vim:auto_generated|sign_div_unsign_nlh:divider                       ; sign_div_unsign_nlh ; work         ;
;                |alt_u_div_27f:divider|    ; 121 (121)           ; 0 (0)                     ; 0           ; 0            ; 0       ; 0         ; 0    ; 0            ; |Fase1|Bin2BCD:inst1|lpm_divide:Div2|lpm_divide_vim:auto_generated|sign_div_unsign_nlh:divider|alt_u_div_27f:divider ; alt_u_div_27f       ; work         ;
;       |lpm_divide:Mod0|                   ; 112 (0)             ; 0 (0)                     ; 0           ; 0            ; 0       ; 0         ; 0    ; 0            ; |Fase1|Bin2BCD:inst1|lpm_divide:Mod0                                                                                 ; lpm_divide          ; work         ;
;          |lpm_divide_icm:auto_generated|  ; 112 (0)             ; 0 (0)                     ; 0           ; 0            ; 0       ; 0         ; 0    ; 0            ; |Fase1|Bin2BCD:inst1|lpm_divide:Mod0|lpm_divide_icm:auto_generated                                                   ; lpm_divide_icm      ; work         ;
;             |sign_div_unsign_7nh:divider| ; 112 (0)             ; 0 (0)                     ; 0           ; 0            ; 0       ; 0         ; 0    ; 0            ; |Fase1|Bin2BCD:inst1|lpm_divide:Mod0|lpm_divide_icm:auto_generated|sign_div_unsign_7nh:divider                       ; sign_div_unsign_7nh ; work         ;
;                |alt_u_div_2af:divider|    ; 112 (112)           ; 0 (0)                     ; 0           ; 0            ; 0       ; 0         ; 0    ; 0            ; |Fase1|Bin2BCD:inst1|lpm_divide:Mod0|lpm_divide_icm:auto_generated|sign_div_unsign_7nh:divider|alt_u_div_2af:divider ; alt_u_div_2af       ; work         ;
;       |lpm_divide:Mod1|                   ; 192 (0)             ; 0 (0)                     ; 0           ; 0            ; 0       ; 0         ; 0    ; 0            ; |Fase1|Bin2BCD:inst1|lpm_divide:Mod1                                                                                 ; lpm_divide          ; work         ;
;          |lpm_divide_icm:auto_generated|  ; 192 (0)             ; 0 (0)                     ; 0           ; 0            ; 0       ; 0         ; 0    ; 0            ; |Fase1|Bin2BCD:inst1|lpm_divide:Mod1|lpm_divide_icm:auto_generated                                                   ; lpm_divide_icm      ; work         ;
;             |sign_div_unsign_7nh:divider| ; 192 (0)             ; 0 (0)                     ; 0           ; 0            ; 0       ; 0         ; 0    ; 0            ; |Fase1|Bin2BCD:inst1|lpm_divide:Mod1|lpm_divide_icm:auto_generated|sign_div_unsign_7nh:divider                       ; sign_div_unsign_7nh ; work         ;
;                |alt_u_div_2af:divider|    ; 192 (192)           ; 0 (0)                     ; 0           ; 0            ; 0       ; 0         ; 0    ; 0            ; |Fase1|Bin2BCD:inst1|lpm_divide:Mod1|lpm_divide_icm:auto_generated|sign_div_unsign_7nh:divider|alt_u_div_2af:divider ; alt_u_div_2af       ; work         ;
;       |lpm_divide:Mod2|                   ; 232 (0)             ; 0 (0)                     ; 0           ; 0            ; 0       ; 0         ; 0    ; 0            ; |Fase1|Bin2BCD:inst1|lpm_divide:Mod2                                                                                 ; lpm_divide          ; work         ;
;          |lpm_divide_icm:auto_generated|  ; 232 (0)             ; 0 (0)                     ; 0           ; 0            ; 0       ; 0         ; 0    ; 0            ; |Fase1|Bin2BCD:inst1|lpm_divide:Mod2|lpm_divide_icm:auto_generated                                                   ; lpm_divide_icm      ; work         ;
;             |sign_div_unsign_7nh:divider| ; 232 (0)             ; 0 (0)                     ; 0           ; 0            ; 0       ; 0         ; 0    ; 0            ; |Fase1|Bin2BCD:inst1|lpm_divide:Mod2|lpm_divide_icm:auto_generated|sign_div_unsign_7nh:divider                       ; sign_div_unsign_7nh ; work         ;
;                |alt_u_div_2af:divider|    ; 232 (232)           ; 0 (0)                     ; 0           ; 0            ; 0       ; 0         ; 0    ; 0            ; |Fase1|Bin2BCD:inst1|lpm_divide:Mod2|lpm_divide_icm:auto_generated|sign_div_unsign_7nh:divider|alt_u_div_2af:divider ; alt_u_div_2af       ; work         ;
;    |Bin7SegDecoder:inst4|                 ; 21 (21)             ; 0 (0)                     ; 0           ; 0            ; 0       ; 0         ; 0    ; 0            ; |Fase1|Bin7SegDecoder:inst4                                                                                          ; Bin7SegDecoder      ; work         ;
;    |Bin7SegDecoder:inst5|                 ; 21 (21)             ; 0 (0)                     ; 0           ; 0            ; 0       ; 0         ; 0    ; 0            ; |Fase1|Bin7SegDecoder:inst5                                                                                          ; Bin7SegDecoder      ; work         ;
;    |Bin7SegDecoder:inst6|                 ; 21 (21)             ; 0 (0)                     ; 0           ; 0            ; 0       ; 0         ; 0    ; 0            ; |Fase1|Bin7SegDecoder:inst6                                                                                          ; Bin7SegDecoder      ; work         ;
;    |Bin7SegDecoder:inst7|                 ; 21 (21)             ; 0 (0)                     ; 0           ; 0            ; 0       ; 0         ; 0    ; 0            ; |Fase1|Bin7SegDecoder:inst7                                                                                          ; Bin7SegDecoder      ; work         ;
;    |Counter:inst2|                        ; 33 (33)             ; 15 (15)                   ; 0           ; 0            ; 0       ; 0         ; 0    ; 0            ; |Fase1|Counter:inst2                                                                                                 ; Counter             ; work         ;
;    |DebounceUnit:inst13|                  ; 4 (4)               ; 5 (5)                     ; 0           ; 0            ; 0       ; 0         ; 0    ; 0            ; |Fase1|DebounceUnit:inst13                                                                                           ; DebounceUnit        ; work         ;
;    |DebounceUnit:inst3|                   ; 4 (4)               ; 5 (5)                     ; 0           ; 0            ; 0       ; 0         ; 0    ; 0            ; |Fase1|DebounceUnit:inst3                                                                                            ; DebounceUnit        ; work         ;
;    |freqDivN:inst|                        ; 33 (33)             ; 20 (20)                   ; 0           ; 0            ; 0       ; 0         ; 0    ; 0            ; |Fase1|freqDivN:inst                                                                                                 ; freqDivN            ; work         ;
+-------------------------------------------+---------------------+---------------------------+-------------+--------------+---------+-----------+------+--------------+----------------------------------------------------------------------------------------------------------------------+---------------------+--------------+
Note: For table entries with two numbers listed, the numbers in parentheses indicate the number of resources of the given type used by the specific entity alone. The numbers listed outside of parentheses indicate the total resources of the given type used by the specific entity and all of its sub-entities in the hierarchy.


+----------------------------------------------------------------------------------------------------+
; User-Specified and Inferred Latches                                                                ;
+-----------------------------------------------------+---------------------+------------------------+
; Latch Name                                          ; Latch Enable Signal ; Free of Timing Hazards ;
+-----------------------------------------------------+---------------------+------------------------+
; Bin7SegDecoder:inst7|decOut_n[6]                    ; GND                 ; yes                    ;
; Bin7SegDecoder:inst7|decOut_n[5]                    ; GND                 ; yes                    ;
; Bin7SegDecoder:inst7|decOut_n[4]                    ; GND                 ; yes                    ;
; Bin7SegDecoder:inst7|decOut_n[3]                    ; GND                 ; yes                    ;
; Bin7SegDecoder:inst7|decOut_n[2]                    ; GND                 ; yes                    ;
; Bin7SegDecoder:inst7|decOut_n[1]                    ; GND                 ; yes                    ;
; Bin7SegDecoder:inst7|decOut_n[0]                    ; GND                 ; yes                    ;
; Bin7SegDecoder:inst6|decOut_n[6]                    ; GND                 ; yes                    ;
; Bin7SegDecoder:inst6|decOut_n[5]                    ; GND                 ; yes                    ;
; Bin7SegDecoder:inst6|decOut_n[4]                    ; GND                 ; yes                    ;
; Bin7SegDecoder:inst6|decOut_n[3]                    ; GND                 ; yes                    ;
; Bin7SegDecoder:inst6|decOut_n[2]                    ; GND                 ; yes                    ;
; Bin7SegDecoder:inst6|decOut_n[1]                    ; GND                 ; yes                    ;
; Bin7SegDecoder:inst6|decOut_n[0]                    ; GND                 ; yes                    ;
; Bin7SegDecoder:inst5|decOut_n[6]                    ; GND                 ; yes                    ;
; Bin7SegDecoder:inst5|decOut_n[5]                    ; GND                 ; yes                    ;
; Bin7SegDecoder:inst5|decOut_n[4]                    ; GND                 ; yes                    ;
; Bin7SegDecoder:inst5|decOut_n[3]                    ; GND                 ; yes                    ;
; Bin7SegDecoder:inst5|decOut_n[2]                    ; GND                 ; yes                    ;
; Bin7SegDecoder:inst5|decOut_n[1]                    ; GND                 ; yes                    ;
; Bin7SegDecoder:inst5|decOut_n[0]                    ; GND                 ; yes                    ;
; Bin7SegDecoder:inst4|decOut_n[6]                    ; GND                 ; yes                    ;
; Bin7SegDecoder:inst4|decOut_n[5]                    ; GND                 ; yes                    ;
; Bin7SegDecoder:inst4|decOut_n[4]                    ; GND                 ; yes                    ;
; Bin7SegDecoder:inst4|decOut_n[3]                    ; GND                 ; yes                    ;
; Bin7SegDecoder:inst4|decOut_n[2]                    ; GND                 ; yes                    ;
; Bin7SegDecoder:inst4|decOut_n[1]                    ; GND                 ; yes                    ;
; Bin7SegDecoder:inst4|decOut_n[0]                    ; GND                 ; yes                    ;
; Number of user-specified and inferred latches = 28  ;                     ;                        ;
+-----------------------------------------------------+---------------------+------------------------+
Note: All latches listed above may not be present at the end of synthesis due to various synthesis optimizations.


+------------------------------------------------------+
; General Register Statistics                          ;
+----------------------------------------------+-------+
; Statistic                                    ; Value ;
+----------------------------------------------+-------+
; Total registers                              ; 45    ;
; Number of registers using Synchronous Clear  ; 21    ;
; Number of registers using Synchronous Load   ; 0     ;
; Number of registers using Asynchronous Clear ; 0     ;
; Number of registers using Asynchronous Load  ; 0     ;
; Number of registers using Clock Enable       ; 13    ;
; Number of registers using Preset             ; 0     ;
+----------------------------------------------+-------+


+---------------------------------------------------+
; Inverted Register Statistics                      ;
+-----------------------------------------+---------+
; Inverted Register                       ; Fan out ;
+-----------------------------------------+---------+
; Counter:inst2|s_count[0]                ; 16      ;
; Counter:inst2|s_count[12]               ; 11      ;
; Counter:inst2|s_count[10]               ; 14      ;
; Counter:inst2|s_count[9]                ; 16      ;
; Counter:inst2|s_count[8]                ; 16      ;
; Counter:inst2|s_count[6]                ; 17      ;
; Counter:inst2|s_count[5]                ; 18      ;
; Counter:inst2|s_count[3]                ; 18      ;
; Counter:inst2|s_count[2]                ; 11      ;
; Counter:inst2|s_count[1]                ; 7       ;
; Total number of inverted registers = 10 ;         ;
+-----------------------------------------+---------+


+-----------------------------------------------------------------------------------------------------------------------------------------------------------+
; Multiplexer Restructuring Statistics (Restructuring Performed)                                                                                            ;
+--------------------+-----------+---------------+----------------------+------------------------+------------+---------------------------------------------+
; Multiplexer Inputs ; Bus Width ; Baseline Area ; Area if Restructured ; Saving if Restructured ; Registered ; Example Multiplexer Output                  ;
+--------------------+-----------+---------------+----------------------+------------------------+------------+---------------------------------------------+
; 3:1                ; 3 bits    ; 6 LEs         ; 3 LEs                ; 3 LEs                  ; Yes        ; |Fase1|Counter:inst2|s_count[4]             ;
; 5:1                ; 2 bits    ; 6 LEs         ; 4 LEs                ; 2 LEs                  ; Yes        ; |Fase1|DebounceUnit:inst3|s_debounceCnt[1]  ;
; 5:1                ; 2 bits    ; 6 LEs         ; 4 LEs                ; 2 LEs                  ; Yes        ; |Fase1|DebounceUnit:inst13|s_debounceCnt[1] ;
; 3:1                ; 10 bits   ; 20 LEs        ; 10 LEs               ; 10 LEs                 ; Yes        ; |Fase1|Counter:inst2|s_count[12]            ;
; 16:1               ; 2 bits    ; 20 LEs        ; 10 LEs               ; 10 LEs                 ; No         ; |Fase1|Bin7SegDecoder:inst7|decOut_n[6]     ;
; 16:1               ; 2 bits    ; 20 LEs        ; 10 LEs               ; 10 LEs                 ; No         ; |Fase1|Bin7SegDecoder:inst6|decOut_n[4]     ;
; 16:1               ; 2 bits    ; 20 LEs        ; 10 LEs               ; 10 LEs                 ; No         ; |Fase1|Bin7SegDecoder:inst5|decOut_n[4]     ;
; 16:1               ; 2 bits    ; 20 LEs        ; 10 LEs               ; 10 LEs                 ; No         ; |Fase1|Bin7SegDecoder:inst4|decOut_n[4]     ;
; 5:1                ; 2 bits    ; 6 LEs         ; 6 LEs                ; 0 LEs                  ; No         ; |Fase1|Bin7SegDecoder:inst7|decOut_n[3]     ;
; 5:1                ; 2 bits    ; 6 LEs         ; 6 LEs                ; 0 LEs                  ; No         ; |Fase1|Bin7SegDecoder:inst6|decOut_n[3]     ;
; 5:1                ; 2 bits    ; 6 LEs         ; 6 LEs                ; 0 LEs                  ; No         ; |Fase1|Bin7SegDecoder:inst5|decOut_n[3]     ;
; 5:1                ; 2 bits    ; 6 LEs         ; 6 LEs                ; 0 LEs                  ; No         ; |Fase1|Bin7SegDecoder:inst4|decOut_n[3]     ;
+--------------------+-----------+---------------+----------------------+------------------------+------------+---------------------------------------------+


+------------------------------------------------------------+
; Parameter Settings for User Entity Instance: freqDivN:inst ;
+----------------+--------+----------------------------------+
; Parameter Name ; Value  ; Type                             ;
+----------------+--------+----------------------------------+
; divfactor      ; 500000 ; Signed Integer                   ;
+----------------+--------+----------------------------------+
Note: In order to hide this table in the UI and the text report file, please set the "Show Parameter Settings in Synthesis Report" option in "Analysis and Synthesis Settings -> More Settings" to "Off".


+-----------------------------------------------------------------+
; Parameter Settings for User Entity Instance: DebounceUnit:inst3 ;
+----------------+-------+----------------------------------------+
; Parameter Name ; Value ; Type                                   ;
+----------------+-------+----------------------------------------+
; khzclkfreq     ; 2     ; Signed Integer                         ;
; msecmininwidth ; 1     ; Signed Integer                         ;
; inpolarity     ; '0'   ; Enumerated                             ;
; outpolarity    ; '1'   ; Enumerated                             ;
+----------------+-------+----------------------------------------+
Note: In order to hide this table in the UI and the text report file, please set the "Show Parameter Settings in Synthesis Report" option in "Analysis and Synthesis Settings -> More Settings" to "Off".


+------------------------------------------------------------------+
; Parameter Settings for User Entity Instance: DebounceUnit:inst13 ;
+----------------+-------+-----------------------------------------+
; Parameter Name ; Value ; Type                                    ;
+----------------+-------+-----------------------------------------+
; khzclkfreq     ; 2     ; Signed Integer                          ;
; msecmininwidth ; 1     ; Signed Integer                          ;
; inpolarity     ; '0'   ; Enumerated                              ;
; outpolarity    ; '1'   ; Enumerated                              ;
+----------------+-------+-----------------------------------------+
Note: In order to hide this table in the UI and the text report file, please set the "Show Parameter Settings in Synthesis Report" option in "Analysis and Synthesis Settings -> More Settings" to "Off".


+--------------------------------------------------------------------------------+
; Parameter Settings for Inferred Entity Instance: Bin2BCD:inst1|lpm_divide:Mod2 ;
+------------------------+----------------+--------------------------------------+
; Parameter Name         ; Value          ; Type                                 ;
+------------------------+----------------+--------------------------------------+
; LPM_WIDTHN             ; 13             ; Untyped                              ;
; LPM_WIDTHD             ; 13             ; Untyped                              ;
; LPM_NREPRESENTATION    ; UNSIGNED       ; Untyped                              ;
; LPM_DREPRESENTATION    ; UNSIGNED       ; Untyped                              ;
; LPM_PIPELINE           ; 0              ; Untyped                              ;
; LPM_REMAINDERPOSITIVE  ; TRUE           ; Untyped                              ;
; MAXIMIZE_SPEED         ; 5              ; Untyped                              ;
; CBXI_PARAMETER         ; lpm_divide_icm ; Untyped                              ;
; CARRY_CHAIN            ; MANUAL         ; Untyped                              ;
; OPTIMIZE_FOR_SPEED     ; 5              ; Untyped                              ;
; AUTO_CARRY_CHAINS      ; ON             ; AUTO_CARRY                           ;
; IGNORE_CARRY_BUFFERS   ; OFF            ; IGNORE_CARRY                         ;
; AUTO_CASCADE_CHAINS    ; ON             ; AUTO_CASCADE                         ;
; IGNORE_CASCADE_BUFFERS ; OFF            ; IGNORE_CASCADE                       ;
+------------------------+----------------+--------------------------------------+
Note: In order to hide this table in the UI and the text report file, please set the "Show Parameter Settings in Synthesis Report" option in "Analysis and Synthesis Settings -> More Settings" to "Off".


+--------------------------------------------------------------------------------+
; Parameter Settings for Inferred Entity Instance: Bin2BCD:inst1|lpm_divide:Div2 ;
+------------------------+----------------+--------------------------------------+
; Parameter Name         ; Value          ; Type                                 ;
+------------------------+----------------+--------------------------------------+
; LPM_WIDTHN             ; 13             ; Untyped                              ;
; LPM_WIDTHD             ; 4              ; Untyped                              ;
; LPM_NREPRESENTATION    ; UNSIGNED       ; Untyped                              ;
; LPM_DREPRESENTATION    ; UNSIGNED       ; Untyped                              ;
; LPM_PIPELINE           ; 0              ; Untyped                              ;
; LPM_REMAINDERPOSITIVE  ; TRUE           ; Untyped                              ;
; MAXIMIZE_SPEED         ; 5              ; Untyped                              ;
; CBXI_PARAMETER         ; lpm_divide_vim ; Untyped                              ;
; CARRY_CHAIN            ; MANUAL         ; Untyped                              ;
; OPTIMIZE_FOR_SPEED     ; 5              ; Untyped                              ;
; AUTO_CARRY_CHAINS      ; ON             ; AUTO_CARRY                           ;
; IGNORE_CARRY_BUFFERS   ; OFF            ; IGNORE_CARRY                         ;
; AUTO_CASCADE_CHAINS    ; ON             ; AUTO_CASCADE                         ;
; IGNORE_CASCADE_BUFFERS ; OFF            ; IGNORE_CASCADE                       ;
+------------------------+----------------+--------------------------------------+
Note: In order to hide this table in the UI and the text report file, please set the "Show Parameter Settings in Synthesis Report" option in "Analysis and Synthesis Settings -> More Settings" to "Off".


+--------------------------------------------------------------------------------+
; Parameter Settings for Inferred Entity Instance: Bin2BCD:inst1|lpm_divide:Mod1 ;
+------------------------+----------------+--------------------------------------+
; Parameter Name         ; Value          ; Type                                 ;
+------------------------+----------------+--------------------------------------+
; LPM_WIDTHN             ; 13             ; Untyped                              ;
; LPM_WIDTHD             ; 13             ; Untyped                              ;
; LPM_NREPRESENTATION    ; UNSIGNED       ; Untyped                              ;
; LPM_DREPRESENTATION    ; UNSIGNED       ; Untyped                              ;
; LPM_PIPELINE           ; 0              ; Untyped                              ;
; LPM_REMAINDERPOSITIVE  ; TRUE           ; Untyped                              ;
; MAXIMIZE_SPEED         ; 5              ; Untyped                              ;
; CBXI_PARAMETER         ; lpm_divide_icm ; Untyped                              ;
; CARRY_CHAIN            ; MANUAL         ; Untyped                              ;
; OPTIMIZE_FOR_SPEED     ; 5              ; Untyped                              ;
; AUTO_CARRY_CHAINS      ; ON             ; AUTO_CARRY                           ;
; IGNORE_CARRY_BUFFERS   ; OFF            ; IGNORE_CARRY                         ;
; AUTO_CASCADE_CHAINS    ; ON             ; AUTO_CASCADE                         ;
; IGNORE_CASCADE_BUFFERS ; OFF            ; IGNORE_CASCADE                       ;
+------------------------+----------------+--------------------------------------+
Note: In order to hide this table in the UI and the text report file, please set the "Show Parameter Settings in Synthesis Report" option in "Analysis and Synthesis Settings -> More Settings" to "Off".


+--------------------------------------------------------------------------------+
; Parameter Settings for Inferred Entity Instance: Bin2BCD:inst1|lpm_divide:Div1 ;
+------------------------+----------------+--------------------------------------+
; Parameter Name         ; Value          ; Type                                 ;
+------------------------+----------------+--------------------------------------+
; LPM_WIDTHN             ; 13             ; Untyped                              ;
; LPM_WIDTHD             ; 7              ; Untyped                              ;
; LPM_NREPRESENTATION    ; UNSIGNED       ; Untyped                              ;
; LPM_DREPRESENTATION    ; UNSIGNED       ; Untyped                              ;
; LPM_PIPELINE           ; 0              ; Untyped                              ;
; LPM_REMAINDERPOSITIVE  ; TRUE           ; Untyped                              ;
; MAXIMIZE_SPEED         ; 5              ; Untyped                              ;
; CBXI_PARAMETER         ; lpm_divide_2jm ; Untyped                              ;
; CARRY_CHAIN            ; MANUAL         ; Untyped                              ;
; OPTIMIZE_FOR_SPEED     ; 5              ; Untyped                              ;
; AUTO_CARRY_CHAINS      ; ON             ; AUTO_CARRY                           ;
; IGNORE_CARRY_BUFFERS   ; OFF            ; IGNORE_CARRY                         ;
; AUTO_CASCADE_CHAINS    ; ON             ; AUTO_CASCADE                         ;
; IGNORE_CASCADE_BUFFERS ; OFF            ; IGNORE_CASCADE                       ;
+------------------------+----------------+--------------------------------------+
Note: In order to hide this table in the UI and the text report file, please set the "Show Parameter Settings in Synthesis Report" option in "Analysis and Synthesis Settings -> More Settings" to "Off".


+--------------------------------------------------------------------------------+
; Parameter Settings for Inferred Entity Instance: Bin2BCD:inst1|lpm_divide:Mod0 ;
+------------------------+----------------+--------------------------------------+
; Parameter Name         ; Value          ; Type                                 ;
+------------------------+----------------+--------------------------------------+
; LPM_WIDTHN             ; 13             ; Untyped                              ;
; LPM_WIDTHD             ; 13             ; Untyped                              ;
; LPM_NREPRESENTATION    ; UNSIGNED       ; Untyped                              ;
; LPM_DREPRESENTATION    ; UNSIGNED       ; Untyped                              ;
; LPM_PIPELINE           ; 0              ; Untyped                              ;
; LPM_REMAINDERPOSITIVE  ; TRUE           ; Untyped                              ;
; MAXIMIZE_SPEED         ; 5              ; Untyped                              ;
; CBXI_PARAMETER         ; lpm_divide_icm ; Untyped                              ;
; CARRY_CHAIN            ; MANUAL         ; Untyped                              ;
; OPTIMIZE_FOR_SPEED     ; 5              ; Untyped                              ;
; AUTO_CARRY_CHAINS      ; ON             ; AUTO_CARRY                           ;
; IGNORE_CARRY_BUFFERS   ; OFF            ; IGNORE_CARRY                         ;
; AUTO_CASCADE_CHAINS    ; ON             ; AUTO_CASCADE                         ;
; IGNORE_CASCADE_BUFFERS ; OFF            ; IGNORE_CASCADE                       ;
+------------------------+----------------+--------------------------------------+
Note: In order to hide this table in the UI and the text report file, please set the "Show Parameter Settings in Synthesis Report" option in "Analysis and Synthesis Settings -> More Settings" to "Off".


+--------------------------------------------------------------------------------+
; Parameter Settings for Inferred Entity Instance: Bin2BCD:inst1|lpm_divide:Div0 ;
+------------------------+----------------+--------------------------------------+
; Parameter Name         ; Value          ; Type                                 ;
+------------------------+----------------+--------------------------------------+
; LPM_WIDTHN             ; 13             ; Untyped                              ;
; LPM_WIDTHD             ; 10             ; Untyped                              ;
; LPM_NREPRESENTATION    ; UNSIGNED       ; Untyped                              ;
; LPM_DREPRESENTATION    ; UNSIGNED       ; Untyped                              ;
; LPM_PIPELINE           ; 0              ; Untyped                              ;
; LPM_REMAINDERPOSITIVE  ; TRUE           ; Untyped                              ;
; MAXIMIZE_SPEED         ; 5              ; Untyped                              ;
; CBXI_PARAMETER         ; lpm_divide_ckm ; Untyped                              ;
; CARRY_CHAIN            ; MANUAL         ; Untyped                              ;
; OPTIMIZE_FOR_SPEED     ; 5              ; Untyped                              ;
; AUTO_CARRY_CHAINS      ; ON             ; AUTO_CARRY                           ;
; IGNORE_CARRY_BUFFERS   ; OFF            ; IGNORE_CARRY                         ;
; AUTO_CASCADE_CHAINS    ; ON             ; AUTO_CASCADE                         ;
; IGNORE_CASCADE_BUFFERS ; OFF            ; IGNORE_CASCADE                       ;
+------------------------+----------------+--------------------------------------+
Note: In order to hide this table in the UI and the text report file, please set the "Show Parameter Settings in Synthesis Report" option in "Analysis and Synthesis Settings -> More Settings" to "Off".


+-----------------------------------------------------+
; Post-Synthesis Netlist Statistics for Top Partition ;
+-----------------------+-----------------------------+
; Type                  ; Count                       ;
+-----------------------+-----------------------------+
; boundary_port         ; 32                          ;
; cycloneiii_ff         ; 45                          ;
;     ENA               ; 13                          ;
;     SCLR              ; 21                          ;
;     plain             ; 11                          ;
; cycloneiii_lcell_comb ; 1042                        ;
;     arith             ; 321                         ;
;         1 data inputs ; 9                           ;
;         2 data inputs ; 61                          ;
;         3 data inputs ; 251                         ;
;     normal            ; 721                         ;
;         0 data inputs ; 42                          ;
;         1 data inputs ; 15                          ;
;         2 data inputs ; 370                         ;
;         3 data inputs ; 45                          ;
;         4 data inputs ; 249                         ;
;                       ;                             ;
; Max LUT depth         ; 30.20                       ;
; Average LUT depth     ; 22.45                       ;
+-----------------------+-----------------------------+


+-------------------------------+
; Elapsed Time Per Partition    ;
+----------------+--------------+
; Partition Name ; Elapsed Time ;
+----------------+--------------+
; Top            ; 00:00:02     ;
+----------------+--------------+


+-------------------------------+
; Analysis & Synthesis Messages ;
+-------------------------------+
Info: *******************************************************************
Info: Running Quartus Prime Analysis & Synthesis
    Info: Version 17.1.0 Build 590 10/25/2017 SJ Lite Edition
    Info: Processing started: Thu Apr 11 21:42:25 2019
Info: Command: quartus_map --read_settings_files=on --write_settings_files=off Fase1 -c Fase1
Warning (18236): Number of processors has not been specified which may cause overloading on shared machines.  Set the global assignment NUM_PARALLEL_PROCESSORS in your QSF to an appropriate value for best performance.
Info (20030): Parallel compilation is enabled and will use 2 of the 2 processors detected
Info (12021): Found 2 design units, including 1 entities, in source file bin2bcd.vhd
    Info (12022): Found design unit 1: Bin2BCD-Behavioral File: D:/Documents/MIECT/Ano1/LSD/MiniProjeto/Fase1/Bin2BCD.vhd Line: 13
    Info (12023): Found entity 1: Bin2BCD File: D:/Documents/MIECT/Ano1/LSD/MiniProjeto/Fase1/Bin2BCD.vhd Line: 5
Info (12021): Found 2 design units, including 1 entities, in source file bin7segdecoder.vhd
    Info (12022): Found design unit 1: Bin7SegDecoder-Behavioral File: D:/Documents/MIECT/Ano1/LSD/MiniProjeto/Fase1/Bin7SegDecoder.vhd Line: 10
    Info (12023): Found entity 1: Bin7SegDecoder File: D:/Documents/MIECT/Ano1/LSD/MiniProjeto/Fase1/Bin7SegDecoder.vhd Line: 4
Info (12021): Found 2 design units, including 1 entities, in source file freqdivn.vhd
    Info (12022): Found design unit 1: freqDivN-Behavioral File: D:/Documents/MIECT/Ano1/LSD/MiniProjeto/Fase1/freqDivN.vhd Line: 11
    Info (12023): Found entity 1: freqDivN File: D:/Documents/MIECT/Ano1/LSD/MiniProjeto/Fase1/freqDivN.vhd Line: 5
Info (12021): Found 2 design units, including 1 entities, in source file debounceunit.vhd
    Info (12022): Found design unit 1: DebounceUnit-Behavioral File: D:/Documents/MIECT/Ano1/LSD/MiniProjeto/Fase1/DebounceUnit.vhd Line: 15
    Info (12023): Found entity 1: DebounceUnit File: D:/Documents/MIECT/Ano1/LSD/MiniProjeto/Fase1/DebounceUnit.vhd Line: 5
Info (12021): Found 2 design units, including 1 entities, in source file counter.vhd
    Info (12022): Found design unit 1: Counter-Behavioral File: D:/Documents/MIECT/Ano1/LSD/MiniProjeto/Fase1/Counter.vhd Line: 13
    Info (12023): Found entity 1: Counter File: D:/Documents/MIECT/Ano1/LSD/MiniProjeto/Fase1/Counter.vhd Line: 5
Info (12021): Found 1 design units, including 1 entities, in source file fase1.bdf
    Info (12023): Found entity 1: Fase1
Info (12127): Elaborating entity "Fase1" for the top level hierarchy
Info (12128): Elaborating entity "Bin7SegDecoder" for hierarchy "Bin7SegDecoder:inst7"
Info (10041): Inferred latch for "decOut_n[0]" at Bin7SegDecoder.vhd(12) File: D:/Documents/MIECT/Ano1/LSD/MiniProjeto/Fase1/Bin7SegDecoder.vhd Line: 12
Info (10041): Inferred latch for "decOut_n[1]" at Bin7SegDecoder.vhd(12) File: D:/Documents/MIECT/Ano1/LSD/MiniProjeto/Fase1/Bin7SegDecoder.vhd Line: 12
Info (10041): Inferred latch for "decOut_n[2]" at Bin7SegDecoder.vhd(12) File: D:/Documents/MIECT/Ano1/LSD/MiniProjeto/Fase1/Bin7SegDecoder.vhd Line: 12
Info (10041): Inferred latch for "decOut_n[3]" at Bin7SegDecoder.vhd(12) File: D:/Documents/MIECT/Ano1/LSD/MiniProjeto/Fase1/Bin7SegDecoder.vhd Line: 12
Info (10041): Inferred latch for "decOut_n[4]" at Bin7SegDecoder.vhd(12) File: D:/Documents/MIECT/Ano1/LSD/MiniProjeto/Fase1/Bin7SegDecoder.vhd Line: 12
Info (10041): Inferred latch for "decOut_n[5]" at Bin7SegDecoder.vhd(12) File: D:/Documents/MIECT/Ano1/LSD/MiniProjeto/Fase1/Bin7SegDecoder.vhd Line: 12
Info (10041): Inferred latch for "decOut_n[6]" at Bin7SegDecoder.vhd(12) File: D:/Documents/MIECT/Ano1/LSD/MiniProjeto/Fase1/Bin7SegDecoder.vhd Line: 12
Info (12128): Elaborating entity "Bin2BCD" for hierarchy "Bin2BCD:inst1"
Info (12128): Elaborating entity "Counter" for hierarchy "Counter:inst2"
Info (12128): Elaborating entity "freqDivN" for hierarchy "freqDivN:inst"
Info (12128): Elaborating entity "DebounceUnit" for hierarchy "DebounceUnit:inst3"
Info (278001): Inferred 6 megafunctions from design logic
    Info (278004): Inferred divider/modulo megafunction ("lpm_divide") from the following logic: "Bin2BCD:inst1|Mod2" File: D:/Documents/MIECT/Ano1/LSD/MiniProjeto/Fase1/Bin2BCD.vhd Line: 23
    Info (278004): Inferred divider/modulo megafunction ("lpm_divide") from the following logic: "Bin2BCD:inst1|Div2" File: D:/Documents/MIECT/Ano1/LSD/MiniProjeto/Fase1/Bin2BCD.vhd Line: 22
    Info (278004): Inferred divider/modulo megafunction ("lpm_divide") from the following logic: "Bin2BCD:inst1|Mod1" File: D:/Documents/MIECT/Ano1/LSD/MiniProjeto/Fase1/Bin2BCD.vhd Line: 22
    Info (278004): Inferred divider/modulo megafunction ("lpm_divide") from the following logic: "Bin2BCD:inst1|Div1" File: D:/Documents/MIECT/Ano1/LSD/MiniProjeto/Fase1/Bin2BCD.vhd Line: 19
    Info (278004): Inferred divider/modulo megafunction ("lpm_divide") from the following logic: "Bin2BCD:inst1|Mod0" File: D:/Documents/MIECT/Ano1/LSD/MiniProjeto/Fase1/Bin2BCD.vhd Line: 19
    Info (278004): Inferred divider/modulo megafunction ("lpm_divide") from the following logic: "Bin2BCD:inst1|Div0" File: D:/Documents/MIECT/Ano1/LSD/MiniProjeto/Fase1/Bin2BCD.vhd Line: 18
Info (12130): Elaborated megafunction instantiation "Bin2BCD:inst1|lpm_divide:Mod2" File: D:/Documents/MIECT/Ano1/LSD/MiniProjeto/Fase1/Bin2BCD.vhd Line: 23
Info (12133): Instantiated megafunction "Bin2BCD:inst1|lpm_divide:Mod2" with the following parameter: File: D:/Documents/MIECT/Ano1/LSD/MiniProjeto/Fase1/Bin2BCD.vhd Line: 23
    Info (12134): Parameter "LPM_WIDTHN" = "13"
    Info (12134): Parameter "LPM_WIDTHD" = "13"
    Info (12134): Parameter "LPM_NREPRESENTATION" = "UNSIGNED"
    Info (12134): Parameter "LPM_DREPRESENTATION" = "UNSIGNED"
Info (12021): Found 1 design units, including 1 entities, in source file db/lpm_divide_icm.tdf
    Info (12023): Found entity 1: lpm_divide_icm File: D:/Documents/MIECT/Ano1/LSD/MiniProjeto/Fase1/db/lpm_divide_icm.tdf Line: 24
Info (12021): Found 1 design units, including 1 entities, in source file db/sign_div_unsign_7nh.tdf
    Info (12023): Found entity 1: sign_div_unsign_7nh File: D:/Documents/MIECT/Ano1/LSD/MiniProjeto/Fase1/db/sign_div_unsign_7nh.tdf Line: 24
Info (12021): Found 1 design units, including 1 entities, in source file db/alt_u_div_2af.tdf
    Info (12023): Found entity 1: alt_u_div_2af File: D:/Documents/MIECT/Ano1/LSD/MiniProjeto/Fase1/db/alt_u_div_2af.tdf Line: 26
Info (12021): Found 1 design units, including 1 entities, in source file db/add_sub_7pc.tdf
    Info (12023): Found entity 1: add_sub_7pc File: D:/Documents/MIECT/Ano1/LSD/MiniProjeto/Fase1/db/add_sub_7pc.tdf Line: 22
Info (12021): Found 1 design units, including 1 entities, in source file db/add_sub_8pc.tdf
    Info (12023): Found entity 1: add_sub_8pc File: D:/Documents/MIECT/Ano1/LSD/MiniProjeto/Fase1/db/add_sub_8pc.tdf Line: 22
Info (12130): Elaborated megafunction instantiation "Bin2BCD:inst1|lpm_divide:Div2" File: D:/Documents/MIECT/Ano1/LSD/MiniProjeto/Fase1/Bin2BCD.vhd Line: 22
Info (12133): Instantiated megafunction "Bin2BCD:inst1|lpm_divide:Div2" with the following parameter: File: D:/Documents/MIECT/Ano1/LSD/MiniProjeto/Fase1/Bin2BCD.vhd Line: 22
    Info (12134): Parameter "LPM_WIDTHN" = "13"
    Info (12134): Parameter "LPM_WIDTHD" = "4"
    Info (12134): Parameter "LPM_NREPRESENTATION" = "UNSIGNED"
    Info (12134): Parameter "LPM_DREPRESENTATION" = "UNSIGNED"
Info (12021): Found 1 design units, including 1 entities, in source file db/lpm_divide_vim.tdf
    Info (12023): Found entity 1: lpm_divide_vim File: D:/Documents/MIECT/Ano1/LSD/MiniProjeto/Fase1/db/lpm_divide_vim.tdf Line: 24
Info (12021): Found 1 design units, including 1 entities, in source file db/sign_div_unsign_nlh.tdf
    Info (12023): Found entity 1: sign_div_unsign_nlh File: D:/Documents/MIECT/Ano1/LSD/MiniProjeto/Fase1/db/sign_div_unsign_nlh.tdf Line: 24
Info (12021): Found 1 design units, including 1 entities, in source file db/alt_u_div_27f.tdf
    Info (12023): Found entity 1: alt_u_div_27f File: D:/Documents/MIECT/Ano1/LSD/MiniProjeto/Fase1/db/alt_u_div_27f.tdf Line: 26
Info (12130): Elaborated megafunction instantiation "Bin2BCD:inst1|lpm_divide:Div1" File: D:/Documents/MIECT/Ano1/LSD/MiniProjeto/Fase1/Bin2BCD.vhd Line: 19
Info (12133): Instantiated megafunction "Bin2BCD:inst1|lpm_divide:Div1" with the following parameter: File: D:/Documents/MIECT/Ano1/LSD/MiniProjeto/Fase1/Bin2BCD.vhd Line: 19
    Info (12134): Parameter "LPM_WIDTHN" = "13"
    Info (12134): Parameter "LPM_WIDTHD" = "7"
    Info (12134): Parameter "LPM_NREPRESENTATION" = "UNSIGNED"
    Info (12134): Parameter "LPM_DREPRESENTATION" = "UNSIGNED"
Info (12021): Found 1 design units, including 1 entities, in source file db/lpm_divide_2jm.tdf
    Info (12023): Found entity 1: lpm_divide_2jm File: D:/Documents/MIECT/Ano1/LSD/MiniProjeto/Fase1/db/lpm_divide_2jm.tdf Line: 24
Info (12021): Found 1 design units, including 1 entities, in source file db/sign_div_unsign_qlh.tdf
    Info (12023): Found entity 1: sign_div_unsign_qlh File: D:/Documents/MIECT/Ano1/LSD/MiniProjeto/Fase1/db/sign_div_unsign_qlh.tdf Line: 24
Info (12021): Found 1 design units, including 1 entities, in source file db/alt_u_div_87f.tdf
    Info (12023): Found entity 1: alt_u_div_87f File: D:/Documents/MIECT/Ano1/LSD/MiniProjeto/Fase1/db/alt_u_div_87f.tdf Line: 26
Info (12130): Elaborated megafunction instantiation "Bin2BCD:inst1|lpm_divide:Div0" File: D:/Documents/MIECT/Ano1/LSD/MiniProjeto/Fase1/Bin2BCD.vhd Line: 18
Info (12133): Instantiated megafunction "Bin2BCD:inst1|lpm_divide:Div0" with the following parameter: File: D:/Documents/MIECT/Ano1/LSD/MiniProjeto/Fase1/Bin2BCD.vhd Line: 18
    Info (12134): Parameter "LPM_WIDTHN" = "13"
    Info (12134): Parameter "LPM_WIDTHD" = "10"
    Info (12134): Parameter "LPM_NREPRESENTATION" = "UNSIGNED"
    Info (12134): Parameter "LPM_DREPRESENTATION" = "UNSIGNED"
Info (12021): Found 1 design units, including 1 entities, in source file db/lpm_divide_ckm.tdf
    Info (12023): Found entity 1: lpm_divide_ckm File: D:/Documents/MIECT/Ano1/LSD/MiniProjeto/Fase1/db/lpm_divide_ckm.tdf Line: 24
Info (12021): Found 1 design units, including 1 entities, in source file db/sign_div_unsign_4nh.tdf
    Info (12023): Found entity 1: sign_div_unsign_4nh File: D:/Documents/MIECT/Ano1/LSD/MiniProjeto/Fase1/db/sign_div_unsign_4nh.tdf Line: 24
Info (12021): Found 1 design units, including 1 entities, in source file db/alt_u_div_s9f.tdf
    Info (12023): Found entity 1: alt_u_div_s9f File: D:/Documents/MIECT/Ano1/LSD/MiniProjeto/Fase1/db/alt_u_div_s9f.tdf Line: 26
Info (286030): Timing-Driven Synthesis is running
Info (17016): Found the following redundant logic cells in design
    Info (17048): Logic cell "Bin2BCD:inst1|lpm_divide:Mod1|lpm_divide_icm:auto_generated|sign_div_unsign_7nh:divider|alt_u_div_2af:divider|add_sub_12_result_int[0]~0" File: D:/Documents/MIECT/Ano1/LSD/MiniProjeto/Fase1/db/alt_u_div_2af.tdf Line: 46
    Info (17048): Logic cell "Bin2BCD:inst1|lpm_divide:Mod1|lpm_divide_icm:auto_generated|sign_div_unsign_7nh:divider|alt_u_div_2af:divider|add_sub_6_result_int[0]~14" File: D:/Documents/MIECT/Ano1/LSD/MiniProjeto/Fase1/db/alt_u_div_2af.tdf Line: 71
    Info (17048): Logic cell "Bin2BCD:inst1|lpm_divide:Mod1|lpm_divide_icm:auto_generated|sign_div_unsign_7nh:divider|alt_u_div_2af:divider|add_sub_7_result_int[0]~16" File: D:/Documents/MIECT/Ano1/LSD/MiniProjeto/Fase1/db/alt_u_div_2af.tdf Line: 76
    Info (17048): Logic cell "Bin2BCD:inst1|lpm_divide:Mod1|lpm_divide_icm:auto_generated|sign_div_unsign_7nh:divider|alt_u_div_2af:divider|add_sub_8_result_int[0]~18" File: D:/Documents/MIECT/Ano1/LSD/MiniProjeto/Fase1/db/alt_u_div_2af.tdf Line: 81
    Info (17048): Logic cell "Bin2BCD:inst1|lpm_divide:Mod1|lpm_divide_icm:auto_generated|sign_div_unsign_7nh:divider|alt_u_div_2af:divider|add_sub_9_result_int[0]~20" File: D:/Documents/MIECT/Ano1/LSD/MiniProjeto/Fase1/db/alt_u_div_2af.tdf Line: 86
    Info (17048): Logic cell "Bin2BCD:inst1|lpm_divide:Mod1|lpm_divide_icm:auto_generated|sign_div_unsign_7nh:divider|alt_u_div_2af:divider|add_sub_10_result_int[0]~22" File: D:/Documents/MIECT/Ano1/LSD/MiniProjeto/Fase1/db/alt_u_div_2af.tdf Line: 36
    Info (17048): Logic cell "Bin2BCD:inst1|lpm_divide:Mod1|lpm_divide_icm:auto_generated|sign_div_unsign_7nh:divider|alt_u_div_2af:divider|add_sub_11_result_int[0]~24" File: D:/Documents/MIECT/Ano1/LSD/MiniProjeto/Fase1/db/alt_u_div_2af.tdf Line: 41
    Info (17048): Logic cell "Bin2BCD:inst1|lpm_divide:Mod0|lpm_divide_icm:auto_generated|sign_div_unsign_7nh:divider|alt_u_div_2af:divider|add_sub_12_result_int[0]~0" File: D:/Documents/MIECT/Ano1/LSD/MiniProjeto/Fase1/db/alt_u_div_2af.tdf Line: 46
    Info (17048): Logic cell "Bin2BCD:inst1|lpm_divide:Mod0|lpm_divide_icm:auto_generated|sign_div_unsign_7nh:divider|alt_u_div_2af:divider|add_sub_9_result_int[0]~20" File: D:/Documents/MIECT/Ano1/LSD/MiniProjeto/Fase1/db/alt_u_div_2af.tdf Line: 86
    Info (17048): Logic cell "Bin2BCD:inst1|lpm_divide:Mod0|lpm_divide_icm:auto_generated|sign_div_unsign_7nh:divider|alt_u_div_2af:divider|add_sub_10_result_int[0]~22" File: D:/Documents/MIECT/Ano1/LSD/MiniProjeto/Fase1/db/alt_u_div_2af.tdf Line: 36
    Info (17048): Logic cell "Bin2BCD:inst1|lpm_divide:Mod0|lpm_divide_icm:auto_generated|sign_div_unsign_7nh:divider|alt_u_div_2af:divider|add_sub_11_result_int[0]~24" File: D:/Documents/MIECT/Ano1/LSD/MiniProjeto/Fase1/db/alt_u_div_2af.tdf Line: 41
Info (16010): Generating hard_block partition "hard_block:auto_generated_inst"
    Info (16011): Adding 0 node(s), including 0 DDIO, 0 PLL, 0 transceiver and 0 LCELL
Info (21057): Implemented 1076 device resources after synthesis - the final resource count might be different
    Info (21058): Implemented 3 input pins
    Info (21059): Implemented 29 output pins
    Info (21061): Implemented 1044 logic cells
Info: Quartus Prime Analysis & Synthesis was successful. 0 errors, 1 warning
    Info: Peak virtual memory: 4837 megabytes
    Info: Processing ended: Thu Apr 11 21:42:40 2019
    Info: Elapsed time: 00:00:15
    Info: Total CPU time (on all processors): 00:00:32


